<?xml version="1.0" encoding="UTF-8"?>
<!-- Generated by org.testng.reporters.JUnitReportReporter -->
<testsuite hostname="Home" failures="0" tests="1" name="tests.leaveTest" time="22.411" errors="0" timestamp="19 May 2024 09:59:54 GMT" skipped="0">
  <testcase classname="tests.leaveTest" name="testExample" time="22.411"/>
</testsuite> <!-- tests.leaveTest -->
