<?xml version="1.0" encoding="UTF-8"?>
<!-- Generated by org.testng.reporters.JUnitReportReporter -->
<testsuite hostname="Home" failures="0" tests="1" name="testing.exercise.AppTest" time="0.006" errors="0" timestamp="13 May 2024 15:46:45 GMT" skipped="0">
  <testcase classname="testing.exercise.AppTest" name="shouldAnswerWithTrue" time="0.006"/>
</testsuite> <!-- testing.exercise.AppTest -->
